Tue Apr  5 20:07:33 CEST 2022
Ping for fedora
    fedora up
Ping for cheops
    cheops up
Script for ronsard
    ronsard up
Ping for ubnt
    ubnt up
Script for pi
    pi up
Ping for tau
    tau up
Script for phi
    phi up
Ping for win7
    win7 up
Ping for unifi
    unifi up
Ping for focal
    focal up
Script for verlaine
    verlaine up
Ping for verlainenw
    verlainenw up
Ping for wdbook1
    wdbook1 up
Ping for Qnap
    Qnap up
Ping for synology
    synology up
Ping for rho
    rho up
Script for domoticz
    domoticz up
Ping for domoticz2
    domoticz2 up
Ping for fontaine
    fontaine up
Script for sigma
    sigma up
Ping for blueberry
    blueberry up
Ping for aesopos
    aesopos up
Ping for foxboard
    foxboard up
Ping for honeywell
    honeywell up
Ping for sw16port
    sw16port up
Ping for solaredge
    solaredge up
Ping for apwerkkamer
    apwerkkamer up
Ping for apanneke
    apanneke up
Ping for windowsphone
    windowsphone down
Ping for sw24port
    sw24port up
Ping for 192.168.178.119
    192.168.178.119 up
Ping for apmeterkast
    apmeterkast up
Script for laserjet
    laserjet up
Ping for p1
    p1 up
Ping for printer
    printer up
Ping for aircowoon
    aircowoon up
Ping for aircowerk
    aircowerk up
Ping for phonewerk
    phonewerk up
Ping for tabletljm
    tabletljm down
Ping for 192.168.178.129
    192.168.178.129 up
Ping for nogeentje
    nogeentje up
Ping for chi
    chi up
Ping for ziggomodem
    ziggomodem up
Ping for 192.168.17.10
    192.168.17.10 up
Ping for win10
    win10 down
